# JRE version: OpenJDK Runtime Environment (8.0_202) (build 1.8.0_202-release-1483-b49-5587405)
# Java VM: OpenJDK 64-Bit Server VM (25.202-b49-5587405 mixed mode linux-amd64 compressed oops)
Heap:
 PSYoungGen      total 495104K, used 177645K [0x00000000e0000000, 0x0000000100000000, 0x0000000100000000)
  eden space 468992K, 34% used [0x00000000e0000000,0x00000000e9cf27d0,0x00000000fca00000)
  from space 26112K, 64% used [0x00000000fca00000,0x00000000fda88c50,0x00000000fe380000)
  to   space 26112K, 0% used [0x00000000fe680000,0x00000000fe680000,0x0000000100000000)
 ParOldGen       total 313856K, used 213987K [0x00000000a0000000, 0x00000000b3280000, 0x00000000e0000000)
  object space 313856K, 68% used [0x00000000a0000000,0x00000000ad0f8fb8,0x00000000b3280000)
 Metaspace       used 109347K, capacity 114422K, committed 114764K, reserved 1148928K
  class space    used 14086K, capacity 15093K, committed 15220K, reserved 1048576K
GC Heap History (10 events):
Event: 779.136 GC heap before
{Heap before GC invocations=52 (full 5):
 PSYoungGen      total 494592K, used 472671K [0x00000000e0000000, 0x00000000fff80000, 0x0000000100000000)
  eden space 466432K, 100% used [0x00000000e0000000,0x00000000fc780000,0x00000000fc780000)
  from space 28160K, 22% used [0x00000000fe400000,0x00000000fea17f98,0x00000000fff80000)
  to   space 28672K, 0% used [0x00000000fc780000,0x00000000fc780000,0x00000000fe380000)
 ParOldGen       total 313856K, used 169173K [0x00000000a0000000, 0x00000000b3280000, 0x00000000e0000000)
  object space 313856K, 53% used [0x00000000a0000000,0x00000000aa535700,0x00000000b3280000)
 Metaspace       used 107662K, capacity 112464K, committed 112588K, reserved 1146880K
  class space    used 13825K, capacity 14790K, committed 14836K, reserved 1048576K
Event: 779.284 GC heap after
Heap after GC invocations=52 (full 5):
 PSYoungGen      total 495104K, used 19825K [0x00000000e0000000, 0x0000000100000000, 0x0000000100000000)
  eden space 466432K, 0% used [0x00000000e0000000,0x00000000e0000000,0x00000000fc780000)
  from space 28672K, 69% used [0x00000000fc780000,0x00000000fdadc5c0,0x00000000fe380000)
  to   space 29184K, 0% used [0x00000000fe380000,0x00000000fe380000,0x0000000100000000)
 ParOldGen       total 313856K, used 174879K [0x00000000a0000000, 0x00000000b3280000, 0x00000000e0000000)
  object space 313856K, 55% used [0x00000000a0000000,0x00000000aaac7ea0,0x00000000b3280000)
 Metaspace       used 107662K, capacity 112464K, committed 112588K, reserved 1146880K
  class space    used 13825K, capacity 14790K, committed 14836K, reserved 1048576K
}
Event: 782.590 GC heap before
{Heap before GC invocations=53 (full 5):
 PSYoungGen      total 495104K, used 486257K [0x00000000e0000000, 0x0000000100000000, 0x0000000100000000)
  eden space 466432K, 100% used [0x00000000e0000000,0x00000000fc780000,0x00000000fc780000)
  from space 28672K, 69% used [0x00000000fc780000,0x00000000fdadc5c0,0x00000000fe380000)
  to   space 29184K, 0% used [0x00000000fe380000,0x00000000fe380000,0x0000000100000000)
 ParOldGen       total 313856K, used 174879K [0x00000000a0000000, 0x00000000b3280000, 0x00000000e0000000)
  object space 313856K, 55% used [0x00000000a0000000,0x00000000aaac7ea0,0x00000000b3280000)
 Metaspace       used 107674K, capacity 112464K, committed 112588K, reserved 1146880K
  class space    used 13827K, capacity 14790K, committed 14836K, reserved 1048576K
Event: 782.727 GC heap after
Heap after GC invocations=53 (full 5):
 PSYoungGen      total 494080K, used 13736K [0x00000000e0000000, 0x00000000ffe80000, 0x0000000100000000)
  eden space 466432K, 0% used [0x00000000e0000000,0x00000000e0000000,0x00000000fc780000)
  from space 27648K, 49% used [0x00000000fe380000,0x00000000ff0ea060,0x00000000ffe80000)
  to   space 28160K, 0% used [0x00000000fc780000,0x00000000fc780000,0x00000000fe300000)
 ParOldGen       total 313856K, used 191880K [0x00000000a0000000, 0x00000000b3280000, 0x00000000e0000000)
  object space 313856K, 61% used [0x00000000a0000000,0x00000000abb62220,0x00000000b3280000)
 Metaspace       used 107674K, capacity 112464K, committed 112588K, reserved 1146880K
  class space    used 13827K, capacity 14790K, committed 14836K, reserved 1048576K
}
Event: 785.410 GC heap before
{Heap before GC invocations=54 (full 5):
 PSYoungGen      total 494080K, used 480168K [0x00000000e0000000, 0x00000000ffe80000, 0x0000000100000000)
  eden space 466432K, 100% used [0x00000000e0000000,0x00000000fc780000,0x00000000fc780000)
  from space 27648K, 49% used [0x00000000fe380000,0x00000000ff0ea060,0x00000000ffe80000)
  to   space 28160K, 0% used [0x00000000fc780000,0x00000000fc780000,0x00000000fe300000)
 ParOldGen       total 313856K, used 191880K [0x00000000a0000000, 0x00000000b3280000, 0x00000000e0000000)
  object space 313856K, 61% used [0x00000000a0000000,0x00000000abb62220,0x00000000b3280000)
 Metaspace       used 107675K, capacity 112464K, committed 112588K, reserved 1146880K
  class space    used 13827K, capacity 14790K, committed 14836K, reserved 1048576K
Event: 785.473 GC heap after
Heap after GC invocations=54 (full 5):
 PSYoungGen      total 494592K, used 10032K [0x00000000e0000000, 0x00000000ffe80000, 0x0000000100000000)
  eden space 466432K, 0% used [0x00000000e0000000,0x00000000e0000000,0x00000000fc780000)
  from space 28160K, 35% used [0x00000000fc780000,0x00000000fd14c2f8,0x00000000fe300000)
  to   space 27136K, 0% used [0x00000000fe400000,0x00000000fe400000,0x00000000ffe80000)
 ParOldGen       total 313856K, used 201066K [0x00000000a0000000, 0x00000000b3280000, 0x00000000e0000000)
  object space 313856K, 64% used [0x00000000a0000000,0x00000000ac45a918,0x00000000b3280000)
 Metaspace       used 107675K, capacity 112464K, committed 112588K, reserved 1146880K
  class space    used 13827K, capacity 14790K, committed 14836K, reserved 1048576K
}
Event: 788.495 GC heap before
{Heap before GC invocations=55 (full 5):
 PSYoungGen      total 494592K, used 476464K [0x00000000e0000000, 0x00000000ffe80000, 0x0000000100000000)
  eden space 466432K, 100% used [0x00000000e0000000,0x00000000fc780000,0x00000000fc780000)
  from space 28160K, 35% used [0x00000000fc780000,0x00000000fd14c2f8,0x00000000fe300000)
  to   space 27136K, 0% used [0x00000000fe400000,0x00000000fe400000,0x00000000ffe80000)
 ParOldGen       total 313856K, used 201066K [0x00000000a0000000, 0x00000000b3280000, 0x00000000e0000000)
  object space 313856K, 64% used [0x00000000a0000000,0x00000000ac45a918,0x00000000b3280000)
 Metaspace       used 107718K, capacity 112532K, committed 112844K, reserved 1146880K
  class space    used 13827K, capacity 14790K, committed 14836K, reserved 1048576K
Event: 788.564 GC heap after
Heap after GC invocations=55 (full 5):
 PSYoungGen      total 494592K, used 13502K [0x00000000e0000000, 0x00000000ffd00000, 0x0000000100000000)
  eden space 468992K, 0% used [0x00000000e0000000,0x00000000e0000000,0x00000000fca00000)
  from space 25600K, 52% used [0x00000000fe400000,0x00000000ff12fa50,0x00000000ffd00000)
  to   space 26112K, 0% used [0x00000000fca00000,0x00000000fca00000,0x00000000fe380000)
 ParOldGen       total 313856K, used 207932K [0x00000000a0000000, 0x00000000b3280000, 0x00000000e0000000)
  object space 313856K, 66% used [0x00000000a0000000,0x00000000acb0f228,0x00000000b3280000)
 Metaspace       used 107718K, capacity 112532K, committed 112844K, reserved 1146880K
  class space    used 13827K, capacity 14790K, committed 14836K, reserved 1048576K
}
Event: 791.151 GC heap before
{Heap before GC invocations=56 (full 5):
 PSYoungGen      total 494592K, used 482418K [0x00000000e0000000, 0x00000000ffd00000, 0x0000000100000000)
  eden space 468992K, 99% used [0x00000000e0000000,0x00000000fc9ed130,0x00000000fca00000)
  from space 25600K, 52% used [0x00000000fe400000,0x00000000ff12fa50,0x00000000ffd00000)
  to   space 26112K, 0% used [0x00000000fca00000,0x00000000fca00000,0x00000000fe380000)
 ParOldGen       total 313856K, used 207932K [0x00000000a0000000, 0x00000000b3280000, 0x00000000e0000000)
  object space 313856K, 66% used [0x00000000a0000000,0x00000000acb0f228,0x00000000b3280000)
 Metaspace       used 108300K, capacity 113164K, committed 113484K, reserved 1148928K
  class space    used 13916K, capacity 14872K, committed 14964K, reserved 1048576K
Event: 791.223 GC heap after
Heap after GC invocations=56 (full 5):
 PSYoungGen      total 495104K, used 16931K [0x00000000e0000000, 0x0000000100000000, 0x0000000100000000)
  eden space 468992K, 0% used [0x00000000e0000000,0x00000000e0000000,0x00000000fca00000)
  from space 26112K, 64% used [0x00000000fca00000,0x00000000fda88c50,0x00000000fe380000)
  to   space 26112K, 0% used [0x00000000fe680000,0x00000000fe680000,0x0000000100000000)
 ParOldGen       total 313856K, used 213987K [0x00000000a0000000, 0x00000000b3280000, 0x00000000e0000000)
  object space 313856K, 68% used [0x00000000a0000000,0x00000000ad0f8fb8,0x00000000b3280000)
 Metaspace       used 108300K, capacity 113164K, committed 113484K, reserved 1148928K
  class space    used 13916K, capacity 14872K, committed 14964K, reserved 1048576K
}

